<?xml version="1.0" encoding="UTF-8"?>
<testsuite name="com.kaiqkt.authentication.unit.domain.services.AuthenticationServiceTest" tests="6" skipped="0" failures="0" errors="0" timestamp="2025-09-30T21:39:53" hostname="MacBook-Air-de-Kaique.local" time="0.371">
  <properties/>
  <testcase name="given a refresh token when is invalid should thrown an exception()" classname="com.kaiqkt.authentication.unit.domain.services.AuthenticationServiceTest" time="0.001"/>
  <testcase name="given a authorization code when code challenge is invalid should thrown a exception()" classname="com.kaiqkt.authentication.unit.domain.services.AuthenticationServiceTest" time="0.063"/>
  <testcase name="given a authorization code when is code verifier null should thrown an exception()" classname="com.kaiqkt.authentication.unit.domain.services.AuthenticationServiceTest" time="0.001"/>
  <testcase name="given a authorization code when is code null should thrown an exception()" classname="com.kaiqkt.authentication.unit.domain.services.AuthenticationServiceTest" time="0.001"/>
  <testcase name="given a authorization code when is valid should return a pair of tokens()" classname="com.kaiqkt.authentication.unit.domain.services.AuthenticationServiceTest" time="0.158"/>
  <testcase name="given a refresh token when exist a session attached should return a new pair of tokens()" classname="com.kaiqkt.authentication.unit.domain.services.AuthenticationServiceTest" time="0.146"/>
  <system-out><![CDATA[2025-09-30T18:39:53.562-03:00  INFO 16238 --- [kt-authentication-api] [    Test worker] c.k.a.d.services.AuthenticationService   : Authenticated 01K6E92ME1MMYARV02PKWQCGM0 successfully
2025-09-30T18:39:53.708-03:00  INFO 16238 --- [kt-authentication-api] [    Test worker] c.k.a.d.services.AuthenticationService   : Authentication for session 01K6E92MNAQ4YH9DZ0B7VAZ12M of user 01K6E92MK06RCSMJG17JHT7DH9 successfully
]]></system-out>
  <system-err><![CDATA[]]></system-err>
</testsuite>
