<?xml version="1.0" encoding="UTF-8"?>
<testsuite name="com.kaiqkt.authentication.integration.web.UserIntegrationTest" tests="3" skipped="0" failures="0" errors="0" timestamp="2025-09-30T21:39:51" hostname="MacBook-Air-de-Kaique.local" time="0.195">
  <properties/>
  <testcase name="given a request to create a user when is invalid should thrown an exception()" classname="com.kaiqkt.authentication.integration.web.UserIntegrationTest" time="0.031"/>
  <testcase name="given a request to create a user should create successfully()" classname="com.kaiqkt.authentication.integration.web.UserIntegrationTest" time="0.089"/>
  <testcase name="given a request to create a user when email is already in use should thrown an exception()" classname="com.kaiqkt.authentication.integration.web.UserIntegrationTest" time="0.075"/>
  <system-out><![CDATA[2025-09-30T18:39:51.902-03:00  INFO 16238 --- [kt-authentication-api] [    Test worker] t.c.s.AnnotationConfigContextLoaderUtils : Could not detect default configuration classes for test class [com.kaiqkt.authentication.integration.web.UserIntegrationTest]: UserIntegrationTest does not declare any static, non-private, non-final, nested classes annotated with @Configuration.
2025-09-30T18:39:51.903-03:00  INFO 16238 --- [kt-authentication-api] [    Test worker] .b.t.c.SpringBootTestContextBootstrapper : Found @SpringBootConfiguration com.kaiqkt.authentication.AuthenticationApplication for test class com.kaiqkt.authentication.integration.web.UserIntegrationTest
2025-09-30T18:39:52.017-03:00  INFO 16238 --- [kt-authentication-api] [o-auto-1-exec-2] c.k.a.domain.services.UserService        : User 01K6E92K0HAEC24DK829QZSZGE created successfully
]]></system-out>
  <system-err><![CDATA[]]></system-err>
</testsuite>
