<?xml version="1.0" encoding="UTF-8"?>
<testsuite name="com.kaiqkt.authentication.unit.domain.services.AuthorizationServiceTest" tests="5" skipped="0" failures="0" errors="0" timestamp="2025-09-30T21:39:53" hostname="MacBook-Air-de-Kaique.local" time="0.262">
  <properties/>
  <testcase name="given a code should delete successfully()" classname="com.kaiqkt.authentication.unit.domain.services.AuthorizationServiceTest" time="0.003"/>
  <testcase name="given a code and a redirect uri when not exist a authorization code should throw an exception()" classname="com.kaiqkt.authentication.unit.domain.services.AuthorizationServiceTest" time="0.003"/>
  <testcase name="given a request to authorize when password matches should create a authorization code successfully()" classname="com.kaiqkt.authentication.unit.domain.services.AuthorizationServiceTest" time="0.13"/>
  <testcase name="given a code and a redirect uri when exist a authorization code should return successfully()" classname="com.kaiqkt.authentication.unit.domain.services.AuthorizationServiceTest" time="0.061"/>
  <testcase name="given a request to authorize when password not matches should throw an exception()" classname="com.kaiqkt.authentication.unit.domain.services.AuthorizationServiceTest" time="0.064"/>
  <system-out><![CDATA[2025-09-30T18:39:53.928-03:00  INFO 16238 --- [kt-authentication-api] [    Test worker] c.k.a.d.services.AuthorizationService    : Authorization code created for user 01K6E92MTAWF9CAHE0EHM699V7
]]></system-out>
  <system-err><![CDATA[]]></system-err>
</testsuite>
