<?xml version="1.0" encoding="UTF-8"?>
<testsuite name="com.kaiqkt.authentication.unit.domain.services.AuthenticationServiceTest" tests="6" skipped="0" failures="0" errors="0" timestamp="2025-09-30T21:37:11" hostname="MacBook-Air-de-Kaique.local" time="0.391">
  <properties/>
  <testcase name="given a refresh token when is invalid should thrown an exception()" classname="com.kaiqkt.authentication.unit.domain.services.AuthenticationServiceTest" time="0.001"/>
  <testcase name="given a authorization code when code challenge is invalid should thrown a exception()" classname="com.kaiqkt.authentication.unit.domain.services.AuthenticationServiceTest" time="0.074"/>
  <testcase name="given a authorization code when is code verifier null should thrown an exception()" classname="com.kaiqkt.authentication.unit.domain.services.AuthenticationServiceTest" time="0.0"/>
  <testcase name="given a authorization code when is code null should thrown an exception()" classname="com.kaiqkt.authentication.unit.domain.services.AuthenticationServiceTest" time="0.0"/>
  <testcase name="given a authorization code when is valid should return a pair of tokens()" classname="com.kaiqkt.authentication.unit.domain.services.AuthenticationServiceTest" time="0.168"/>
  <testcase name="given a refresh token when exist a session attached should return a new pair of tokens()" classname="com.kaiqkt.authentication.unit.domain.services.AuthenticationServiceTest" time="0.144"/>
  <system-out><![CDATA[2025-09-30T18:37:11.920-03:00  INFO 15109 --- [kt-authentication-api] [    Test worker] c.k.a.d.services.AuthenticationService   : Authenticated 01K6E8XPJB3CMB174Y15BDYB3E successfully
2025-09-30T18:37:12.065-03:00  INFO 15109 --- [kt-authentication-api] [    Test worker] c.k.a.d.services.AuthenticationService   : Authentication for session 01K6E8XPSSG5NFK6D5BNQXRD1A of user 01K6E8XPQMR1VCPEXZVT1PA17B successfully
]]></system-out>
  <system-err><![CDATA[]]></system-err>
</testsuite>
