<?xml version="1.0" encoding="UTF-8"?>
<testsuite name="com.kaiqkt.authentication.unit.domain.services.TokenServiceTest" tests="4" skipped="0" failures="0" errors="0" timestamp="2025-09-30T21:39:54" hostname="MacBook-Air-de-Kaique.local" time="1.014">
  <properties/>
  <testcase name="given a token when signature is invalid thrown an DomainException()" classname="com.kaiqkt.authentication.unit.domain.services.TokenServiceTest" time="0.002"/>
  <testcase name="given a token should return JWTClaimsSet()" classname="com.kaiqkt.authentication.unit.domain.services.TokenServiceTest" time="0.001"/>
  <testcase name="given a token when is invalid thrown an DomainException()" classname="com.kaiqkt.authentication.unit.domain.services.TokenServiceTest" time="0.001"/>
  <testcase name="given a token when is expired thrown an DomainException()" classname="com.kaiqkt.authentication.unit.domain.services.TokenServiceTest" time="1.01"/>
  <system-out><![CDATA[]]></system-out>
  <system-err><![CDATA[]]></system-err>
</testsuite>
