<?xml version="1.0" encoding="UTF-8"?>
<testsuite name="com.kaiqkt.authentication.integration.web.SessionIntegrationTest" tests="2" skipped="0" failures="0" errors="0" timestamp="2025-09-30T21:39:51" hostname="MacBook-Air-de-Kaique.local" time="0.165">
  <properties/>
  <testcase name="given a session id and a user id when session exist should revoke successfully()" classname="com.kaiqkt.authentication.integration.web.SessionIntegrationTest" time="0.086"/>
  <testcase name="given a session id and a user id whe session not exists should thrown an exception()" classname="com.kaiqkt.authentication.integration.web.SessionIntegrationTest" time="0.079"/>
  <system-out><![CDATA[2025-09-30T18:39:51.734-03:00  INFO 16238 --- [kt-authentication-api] [    Test worker] t.c.s.AnnotationConfigContextLoaderUtils : Could not detect default configuration classes for test class [com.kaiqkt.authentication.integration.web.SessionIntegrationTest]: SessionIntegrationTest does not declare any static, non-private, non-final, nested classes annotated with @Configuration.
2025-09-30T18:39:51.735-03:00  INFO 16238 --- [kt-authentication-api] [    Test worker] .b.t.c.SpringBootTestContextBootstrapper : Found @SpringBootConfiguration com.kaiqkt.authentication.AuthenticationApplication for test class com.kaiqkt.authentication.integration.web.SessionIntegrationTest
2025-09-30T18:39:51.818-03:00  INFO 16238 --- [kt-authentication-api] [o-auto-1-exec-9] c.k.a.d.services.AuthorizationService    : Session 01K6E92JVWGF94N5T68PN3MAS9 revoked successfully
]]></system-out>
  <system-err><![CDATA[]]></system-err>
</testsuite>
