<?xml version="1.0" encoding="UTF-8"?>
<testsuite name="com.kaiqkt.authentication.unit.domain.services.SessionServiceTest" tests="7" skipped="0" failures="0" errors="0" timestamp="2025-09-30T21:39:54" hostname="MacBook-Air-de-Kaique.local" time="0.341">
  <properties/>
  <testcase name="given a id, refresh token and a user should create a session()" classname="com.kaiqkt.authentication.unit.domain.services.SessionServiceTest" time="0.12"/>
  <testcase name="given a id and a user id when session does not exist should throw a domain exception()" classname="com.kaiqkt.authentication.unit.domain.services.SessionServiceTest" time="0.002"/>
  <testcase name="given a session id when session exist should return it()" classname="com.kaiqkt.authentication.unit.domain.services.SessionServiceTest" time="0.092"/>
  <testcase name="given a session id when session not exist should return null()" classname="com.kaiqkt.authentication.unit.domain.services.SessionServiceTest" time="0.002"/>
  <testcase name="given a refresh token when not exist a session should thrown a exception()" classname="com.kaiqkt.authentication.unit.domain.services.SessionServiceTest" time="0.002"/>
  <testcase name="given a refresh token when exist a session should return successfully()" classname="com.kaiqkt.authentication.unit.domain.services.SessionServiceTest" time="0.061"/>
  <testcase name="given a id and a user id when session exist should revoke successfully()" classname="com.kaiqkt.authentication.unit.domain.services.SessionServiceTest" time="0.061"/>
  <system-out><![CDATA[2025-09-30T18:39:54.213-03:00  INFO 16238 --- [kt-authentication-api] [    Test worker] c.k.a.d.services.AuthorizationService    : Session 01K6E92N5AY11CP3J9T8AE057P persisted for user 01K6E92N5AFGPXR5883H2ERT1M successfully
2025-09-30T18:39:54.434-03:00  INFO 16238 --- [kt-authentication-api] [    Test worker] c.k.a.d.services.AuthorizationService    : Session 01K6E92NE29YY2ATH607TWVJRB revoked successfully
]]></system-out>
  <system-err><![CDATA[]]></system-err>
</testsuite>
